2020-01-17 17:18:01,352 INFO  [Log] **************************************************************************************** 
2020-01-17 17:18:01,353 INFO  [Log] $$$$$$$$$$$$$$$$$$$$$                 BookTicketTest       $$$$$$$$$$$$$$$$$$$$$$$$$ 
2020-01-17 17:18:01,353 INFO  [Log] **************************************************************************************** 
2020-01-17 17:18:07,659 INFO  [Log] XXXXXXXXXXXXXXXXXXXXXXX             -E---N---D-             XXXXXXXXXXXXXXXXXXXXXX 
2020-01-17 17:18:07,660 INFO  [Log] X 
2020-01-17 17:18:07,660 INFO  [Log] X 
2020-01-17 17:30:44,948 INFO  [Log] **************************************************************************************** 
2020-01-17 17:30:44,949 INFO  [Log] $$$$$$$$$$$$$$$$$$$$$                 LoginTest       $$$$$$$$$$$$$$$$$$$$$$$$$ 
2020-01-17 17:30:44,949 INFO  [Log] **************************************************************************************** 
2020-01-17 17:30:45,201 INFO  [Log] Explicity wait applied on the driver for 60 seconds 
2020-01-17 17:30:45,603 INFO  [Log] Login_Signup_button is found on the Home page 
2020-01-17 17:30:46,196 INFO  [Log] Explicity wait applied on the driver for 60 seconds 
2020-01-17 17:30:46,233 INFO  [Log] SpiceCash_SpiceClub_Member_button is found on the Home page 
2020-01-17 17:30:46,803 INFO  [Log] Explicity wait applied on the driver for 60 seconds 
2020-01-17 17:30:46,854 INFO  [Log] Signup_button is found 
2020-01-17 17:30:48,400 INFO  [Log] XXXXXXXXXXXXXXXXXXXXXXX             -E---N---D-             XXXXXXXXXXXXXXXXXXXXXX 
2020-01-17 17:30:48,400 INFO  [Log] X 
2020-01-17 17:30:48,400 INFO  [Log] X 
2020-01-17 17:31:42,501 INFO  [Log] **************************************************************************************** 
2020-01-17 17:31:42,502 INFO  [Log] $$$$$$$$$$$$$$$$$$$$$                 LoginTest       $$$$$$$$$$$$$$$$$$$$$$$$$ 
2020-01-17 17:31:42,502 INFO  [Log] **************************************************************************************** 
2020-01-17 17:31:42,623 INFO  [Log] Explicity wait applied on the driver for 60 seconds 
2020-01-17 17:31:42,692 INFO  [Log] Login_Signup_button is found on the Home page 
2020-01-17 17:31:43,278 INFO  [Log] Explicity wait applied on the driver for 60 seconds 
2020-01-17 17:31:43,346 INFO  [Log] SpiceCash_SpiceClub_Member_button is found on the Home page 
2020-01-17 17:31:43,932 INFO  [Log] Explicity wait applied on the driver for 60 seconds 
2020-01-17 17:31:43,993 INFO  [Log] Signup_button is found 
2020-01-17 17:31:43,995 INFO  [Log] XXXXXXXXXXXXXXXXXXXXXXX             -E---N---D-             XXXXXXXXXXXXXXXXXXXXXX 
2020-01-17 17:31:43,995 INFO  [Log] X 
2020-01-17 17:31:43,995 INFO  [Log] X 
2020-01-17 17:34:58,359 INFO  [Log] **************************************************************************************** 
2020-01-17 17:34:58,360 INFO  [Log] $$$$$$$$$$$$$$$$$$$$$                 LoginTest       $$$$$$$$$$$$$$$$$$$$$$$$$ 
2020-01-17 17:34:58,360 INFO  [Log] **************************************************************************************** 
2020-01-17 17:34:58,408 INFO  [Log] XXXXXXXXXXXXXXXXXXXXXXX             -E---N---D-             XXXXXXXXXXXXXXXXXXXXXX 
2020-01-17 17:34:58,409 INFO  [Log] X 
2020-01-17 17:34:58,411 INFO  [Log] X 
2020-01-17 17:36:23,839 INFO  [Log] **************************************************************************************** 
2020-01-17 17:36:23,840 INFO  [Log] $$$$$$$$$$$$$$$$$$$$$                 LoginTest       $$$$$$$$$$$$$$$$$$$$$$$$$ 
2020-01-17 17:36:23,840 INFO  [Log] **************************************************************************************** 
2020-01-17 17:36:24,029 INFO  [Log] Explicity wait applied on the driver for 60 seconds 
2020-01-17 17:36:24,250 INFO  [Log] Login_Signup_button is found on the Home page 
2020-01-17 17:36:24,901 INFO  [Log] Explicity wait applied on the driver for 60 seconds 
2020-01-17 17:36:24,952 INFO  [Log] SpiceCash_SpiceClub_Member_button is found on the Home page 
2020-01-17 17:36:25,233 INFO  [Log] Explicity wait applied on the driver for 60 seconds 
2020-01-17 17:36:29,346 INFO  [Log] Member_Login is found on the Home page 
2020-01-17 17:36:29,349 INFO  [Log] XXXXXXXXXXXXXXXXXXXXXXX             -E---N---D-             XXXXXXXXXXXXXXXXXXXXXX 
2020-01-17 17:36:29,349 INFO  [Log] X 
2020-01-17 17:36:29,349 INFO  [Log] X 
2020-01-17 17:38:21,704 INFO  [Log] **************************************************************************************** 
2020-01-17 17:38:21,705 INFO  [Log] $$$$$$$$$$$$$$$$$$$$$                 LoginTest       $$$$$$$$$$$$$$$$$$$$$$$$$ 
2020-01-17 17:38:21,705 INFO  [Log] **************************************************************************************** 
2020-01-17 17:38:21,789 INFO  [Log] Explicity wait applied on the driver for 60 seconds 
2020-01-17 17:38:21,857 INFO  [Log] Login_Signup_button is found on the Home page 
2020-01-17 17:38:22,433 INFO  [Log] Explicity wait applied on the driver for 60 seconds 
2020-01-17 17:38:22,494 INFO  [Log] SpiceCash_SpiceClub_Member_button is found on the Home page 
2020-01-17 17:38:22,825 INFO  [Log] Explicity wait applied on the driver for 60 seconds 
2020-01-17 17:38:26,624 INFO  [Log] Member_Login is found on the Home page 
2020-01-17 17:38:26,678 INFO  [Log] Explicity wait applied on the driver for 60 seconds 
2020-01-17 17:38:26,833 INFO  [Log] mobile_number is found on the Home page 
2020-01-17 17:38:26,877 INFO  [Log] Explicity wait applied on the driver for 60 seconds 
2020-01-17 17:38:26,973 INFO  [Log] password_txtbox is found on the Home page 
2020-01-17 17:38:27,012 INFO  [Log] Explicity wait applied on the driver for 60 seconds 
2020-01-17 17:38:27,123 INFO  [Log] password_txtbox is found on the Home page 
2020-01-17 17:38:29,187 INFO  [Log] XXXXXXXXXXXXXXXXXXXXXXX             -E---N---D-             XXXXXXXXXXXXXXXXXXXXXX 
2020-01-17 17:38:29,188 INFO  [Log] X 
2020-01-17 17:38:29,188 INFO  [Log] X 
2020-01-17 17:59:46,053 INFO  [Log] **************************************************************************************** 
2020-01-17 17:59:46,054 INFO  [Log] $$$$$$$$$$$$$$$$$$$$$                 LoginTest       $$$$$$$$$$$$$$$$$$$$$$$$$ 
2020-01-17 17:59:46,054 INFO  [Log] **************************************************************************************** 
2020-01-17 17:59:46,085 INFO  [Log] XXXXXXXXXXXXXXXXXXXXXXX             -E---N---D-             XXXXXXXXXXXXXXXXXXXXXX 
2020-01-17 17:59:46,085 INFO  [Log] X 
2020-01-17 17:59:46,085 INFO  [Log] X 
2020-01-17 18:00:41,999 INFO  [Log] **************************************************************************************** 
2020-01-17 18:00:42,000 INFO  [Log] $$$$$$$$$$$$$$$$$$$$$                 LoginTest       $$$$$$$$$$$$$$$$$$$$$$$$$ 
2020-01-17 18:00:42,000 INFO  [Log] **************************************************************************************** 
2020-01-17 18:00:42,042 INFO  [Log] XXXXXXXXXXXXXXXXXXXXXXX             -E---N---D-             XXXXXXXXXXXXXXXXXXXXXX 
2020-01-17 18:00:42,042 INFO  [Log] X 
2020-01-17 18:00:42,042 INFO  [Log] X 
2020-01-17 18:02:16,523 INFO  [Log] **************************************************************************************** 
2020-01-17 18:02:16,524 INFO  [Log] $$$$$$$$$$$$$$$$$$$$$                 LoginTest       $$$$$$$$$$$$$$$$$$$$$$$$$ 
2020-01-17 18:02:16,524 INFO  [Log] **************************************************************************************** 
2020-01-17 18:02:21,091 INFO  [Log] XXXXXXXXXXXXXXXXXXXXXXX             -E---N---D-             XXXXXXXXXXXXXXXXXXXXXX 
2020-01-17 18:02:21,092 INFO  [Log] X 
2020-01-17 18:02:21,092 INFO  [Log] X 
2020-01-17 18:57:33,766 INFO  [Log] **************************************************************************************** 
2020-01-17 18:57:33,828 INFO  [Log] $$$$$$$$$$$$$$$$$$$$$                 LoginTest       $$$$$$$$$$$$$$$$$$$$$$$$$ 
2020-01-17 18:57:33,828 INFO  [Log] **************************************************************************************** 
2020-01-17 18:57:37,562 INFO  [Log] XXXXXXXXXXXXXXXXXXXXXXX             -E---N---D-             XXXXXXXXXXXXXXXXXXXXXX 
2020-01-17 18:57:37,562 INFO  [Log] X 
2020-01-17 18:57:37,562 INFO  [Log] X 
2020-01-17 18:58:38,670 INFO  [Log] **************************************************************************************** 
2020-01-17 18:58:38,671 INFO  [Log] $$$$$$$$$$$$$$$$$$$$$                 LoginTest       $$$$$$$$$$$$$$$$$$$$$$$$$ 
2020-01-17 18:58:38,671 INFO  [Log] **************************************************************************************** 
2020-01-17 18:58:39,778 INFO  [Log] XXXXXXXXXXXXXXXXXXXXXXX             -E---N---D-             XXXXXXXXXXXXXXXXXXXXXX 
2020-01-17 18:58:39,778 INFO  [Log] X 
2020-01-17 18:58:39,778 INFO  [Log] X 
2020-01-17 18:59:52,737 INFO  [Log] **************************************************************************************** 
2020-01-17 18:59:52,738 INFO  [Log] $$$$$$$$$$$$$$$$$$$$$                 LoginTest       $$$$$$$$$$$$$$$$$$$$$$$$$ 
2020-01-17 18:59:52,738 INFO  [Log] **************************************************************************************** 
2020-01-17 18:59:52,800 INFO  [Log] XXXXXXXXXXXXXXXXXXXXXXX             -E---N---D-             XXXXXXXXXXXXXXXXXXXXXX 
2020-01-17 18:59:52,800 INFO  [Log] X 
2020-01-17 18:59:52,800 INFO  [Log] X 
2020-01-17 19:00:31,697 INFO  [Log] **************************************************************************************** 
2020-01-17 19:00:31,698 INFO  [Log] $$$$$$$$$$$$$$$$$$$$$                 LoginTest       $$$$$$$$$$$$$$$$$$$$$$$$$ 
2020-01-17 19:00:31,698 INFO  [Log] **************************************************************************************** 
2020-01-17 19:00:31,737 INFO  [Log] XXXXXXXXXXXXXXXXXXXXXXX             -E---N---D-             XXXXXXXXXXXXXXXXXXXXXX 
2020-01-17 19:00:31,738 INFO  [Log] X 
2020-01-17 19:00:31,738 INFO  [Log] X 
2020-01-17 19:01:49,447 INFO  [Log] **************************************************************************************** 
2020-01-17 19:01:49,448 INFO  [Log] $$$$$$$$$$$$$$$$$$$$$                 LoginTest       $$$$$$$$$$$$$$$$$$$$$$$$$ 
2020-01-17 19:01:49,448 INFO  [Log] **************************************************************************************** 
2020-01-17 19:01:49,503 INFO  [Log] XXXXXXXXXXXXXXXXXXXXXXX             -E---N---D-             XXXXXXXXXXXXXXXXXXXXXX 
2020-01-17 19:01:49,503 INFO  [Log] X 
2020-01-17 19:01:49,503 INFO  [Log] X 
2020-01-17 19:03:00,358 INFO  [Log] XXXXXXXXXXXXXXXXXXXXXXX             -E---N---D-             XXXXXXXXXXXXXXXXXXXXXX 
2020-01-17 19:03:00,359 INFO  [Log] X 
2020-01-17 19:03:00,359 INFO  [Log] X 
2020-01-17 19:04:39,480 INFO  [Log] Explicity wait applied on the driver for 60 seconds 
2020-01-17 19:04:39,842 INFO  [Log] Login_Signup_button is found on the Home page 
2020-01-17 19:04:40,452 INFO  [Log] Explicity wait applied on the driver for 60 seconds 
2020-01-17 19:04:40,496 INFO  [Log] SpiceCash_SpiceClub_Member_button is found on the Home page 
2020-01-17 19:04:40,504 INFO  [Log] XXXXXXXXXXXXXXXXXXXXXXX             -E---N---D-             XXXXXXXXXXXXXXXXXXXXXX 
2020-01-17 19:04:40,504 INFO  [Log] X 
2020-01-17 19:04:40,504 INFO  [Log] X 
2020-01-17 19:06:49,666 INFO  [Log] Explicity wait applied on the driver for 60 seconds 
2020-01-17 19:06:49,764 INFO  [Log] Login_Signup_button is found on the Home page 
2020-01-17 19:06:50,359 INFO  [Log] Explicity wait applied on the driver for 60 seconds 
2020-01-17 19:06:50,407 INFO  [Log] SpiceCash_SpiceClub_Member_button is found on the Home page 
2020-01-17 19:06:50,701 INFO  [Log] Explicity wait applied on the driver for 60 seconds 
2020-01-17 19:06:55,486 INFO  [Log] Member_Login is found on the Home page 
2020-01-17 19:06:55,515 INFO  [Log] Explicity wait applied on the driver for 60 seconds 
2020-01-17 19:06:55,655 INFO  [Log] mobile_number is found on the Home page 
2020-01-17 19:06:55,703 INFO  [Log] Explicity wait applied on the driver for 60 seconds 
2020-01-17 19:06:55,867 INFO  [Log] password_txtbox is found on the Home page 
2020-01-17 19:06:55,911 INFO  [Log] Explicity wait applied on the driver for 60 seconds 
2020-01-17 19:06:56,023 INFO  [Log] password_txtbox is found on the Home page 
2020-01-17 19:06:58,229 INFO  [Log] XXXXXXXXXXXXXXXXXXXXXXX             -E---N---D-             XXXXXXXXXXXXXXXXXXXXXX 
2020-01-17 19:06:58,229 INFO  [Log] X 
2020-01-17 19:06:58,229 INFO  [Log] X 
2020-01-17 19:14:03,041 INFO  [Log] Explicity wait applied on the driver for 60 seconds 
2020-01-17 19:14:03,621 INFO  [Log] Login_Signup_button is found on the Home page 
2020-01-17 19:14:04,226 INFO  [Log] Explicity wait applied on the driver for 60 seconds 
2020-01-17 19:14:04,291 INFO  [Log] SpiceCash_SpiceClub_Member_button is found on the Home page 
2020-01-17 19:14:04,574 INFO  [Log] Explicity wait applied on the driver for 60 seconds 
2020-01-17 19:14:08,095 INFO  [Log] Member_Login is found on the Home page 
2020-01-17 19:14:08,143 INFO  [Log] Explicity wait applied on the driver for 60 seconds 
2020-01-17 19:14:08,271 INFO  [Log] mobile_number is found on the Home page 
2020-01-17 19:14:08,316 INFO  [Log] Explicity wait applied on the driver for 60 seconds 
2020-01-17 19:14:08,488 INFO  [Log] password_txtbox is found on the Home page 
2020-01-17 19:14:08,536 INFO  [Log] Explicity wait applied on the driver for 60 seconds 
2020-01-17 19:14:08,631 INFO  [Log] password_txtbox is found on the Home page 
2020-01-17 19:14:10,994 INFO  [Log] XXXXXXXXXXXXXXXXXXXXXXX             -E---N---D-             XXXXXXXXXXXXXXXXXXXXXX 
2020-01-17 19:14:10,994 INFO  [Log] X 
2020-01-17 19:14:10,994 INFO  [Log] X 
2020-01-17 19:19:56,380 INFO  [Log] Explicity wait applied on the driver for 60 seconds 
2020-01-17 19:19:56,572 INFO  [Log] Login_Signup_button is found on the Home page 
2020-01-17 19:19:57,168 INFO  [Log] Explicity wait applied on the driver for 60 seconds 
2020-01-17 19:19:57,241 INFO  [Log] SpiceCash_SpiceClub_Member_button is found on the Home page 
2020-01-17 19:19:57,556 INFO  [Log] Explicity wait applied on the driver for 60 seconds 
2020-01-17 19:20:01,455 INFO  [Log] Member_Login is found on the Home page 
2020-01-17 19:20:01,495 INFO  [Log] Explicity wait applied on the driver for 60 seconds 
2020-01-17 19:20:01,619 INFO  [Log] mobile_number is found on the Home page 
2020-01-17 19:20:01,660 INFO  [Log] Explicity wait applied on the driver for 60 seconds 
2020-01-17 19:20:01,861 INFO  [Log] password_txtbox is found on the Home page 
2020-01-17 19:20:01,905 INFO  [Log] Explicity wait applied on the driver for 60 seconds 
2020-01-17 19:20:01,982 INFO  [Log] password_txtbox is found on the Home page 
2020-01-17 19:20:04,315 INFO  [Log] XXXXXXXXXXXXXXXXXXXXXXX             -E---N---D-             XXXXXXXXXXXXXXXXXXXXXX 
2020-01-17 19:20:04,315 INFO  [Log] X 
2020-01-17 19:20:04,315 INFO  [Log] X 
2020-01-17 19:39:05,950 INFO  [Log] Explicity wait applied on the driver for 60 seconds 
2020-01-17 19:39:06,047 INFO  [Log] Login_Signup_button is found on the Home page 
2020-01-17 19:39:06,624 INFO  [Log] Explicity wait applied on the driver for 60 seconds 
2020-01-17 19:39:06,684 INFO  [Log] SpiceCash_SpiceClub_Member_button is found on the Home page 
2020-01-17 19:39:06,928 INFO  [Log] Explicity wait applied on the driver for 60 seconds 
2020-01-17 19:39:10,763 INFO  [Log] Member_Login is found on the Home page 
2020-01-17 19:39:10,805 INFO  [Log] Explicity wait applied on the driver for 60 seconds 
2020-01-17 19:39:10,945 INFO  [Log] mobile_number is found on the Home page 
2020-01-17 19:39:10,989 INFO  [Log] Explicity wait applied on the driver for 60 seconds 
2020-01-17 19:39:11,105 INFO  [Log] password_txtbox is found on the Home page 
2020-01-17 19:39:11,149 INFO  [Log] Explicity wait applied on the driver for 60 seconds 
2020-01-17 19:39:12,763 INFO  [Log] password_txtbox is found on the Home page 
2020-01-17 19:39:14,822 INFO  [Log] XXXXXXXXXXXXXXXXXXXXXXX             -E---N---D-             XXXXXXXXXXXXXXXXXXXXXX 
2020-01-17 19:39:14,822 INFO  [Log] X 
2020-01-17 19:39:14,822 INFO  [Log] X 
2020-01-17 19:41:21,521 INFO  [Log] Explicity wait applied on the driver for 60 seconds 
2020-01-17 19:41:21,630 INFO  [Log] Login_Signup_button is found on the Home page 
2020-01-17 19:41:22,230 INFO  [Log] Explicity wait applied on the driver for 60 seconds 
2020-01-17 19:41:22,302 INFO  [Log] SpiceCash_SpiceClub_Member_button is found on the Home page 
2020-01-17 19:41:22,598 INFO  [Log] Explicity wait applied on the driver for 60 seconds 
2020-01-17 19:41:26,025 INFO  [Log] Member_Login is found on the Home page 
2020-01-17 19:41:26,069 INFO  [Log] Explicity wait applied on the driver for 60 seconds 
2020-01-17 19:41:26,220 INFO  [Log] mobile_number is found on the Home page 
2020-01-17 19:41:26,263 INFO  [Log] Explicity wait applied on the driver for 60 seconds 
2020-01-17 19:41:26,433 INFO  [Log] password_txtbox is found on the Home page 
2020-01-17 19:41:26,481 INFO  [Log] Explicity wait applied on the driver for 60 seconds 
2020-01-17 19:41:28,341 INFO  [Log] password_txtbox is found on the Home page 
2020-01-17 19:41:30,415 INFO  [Log] XXXXXXXXXXXXXXXXXXXXXXX             -E---N---D-             XXXXXXXXXXXXXXXXXXXXXX 
2020-01-17 19:41:30,415 INFO  [Log] X 
2020-01-17 19:41:30,415 INFO  [Log] X 
2020-01-17 19:42:16,369 INFO  [Log] Explicity wait applied on the driver for 60 seconds 
2020-01-17 19:42:16,481 INFO  [Log] Login_Signup_button is found on the Home page 
2020-01-17 19:42:17,076 INFO  [Log] Explicity wait applied on the driver for 60 seconds 
2020-01-17 19:42:17,147 INFO  [Log] SpiceCash_SpiceClub_Member_button is found on the Home page 
2020-01-17 19:42:17,522 INFO  [Log] Explicity wait applied on the driver for 60 seconds 
2020-01-17 19:42:21,371 INFO  [Log] Member_Login is found on the Home page 
2020-01-17 19:42:21,416 INFO  [Log] Explicity wait applied on the driver for 60 seconds 
2020-01-17 19:42:21,596 INFO  [Log] mobile_number is found on the Home page 
2020-01-17 19:42:21,649 INFO  [Log] Explicity wait applied on the driver for 60 seconds 
2020-01-17 19:42:21,797 INFO  [Log] password_txtbox is found on the Home page 
2020-01-17 19:42:21,844 INFO  [Log] Explicity wait applied on the driver for 60 seconds 
2020-01-17 19:42:23,876 INFO  [Log] password_txtbox is found on the Home page 
2020-01-17 19:42:25,904 INFO  [Log] XXXXXXXXXXXXXXXXXXXXXXX             -E---N---D-             XXXXXXXXXXXXXXXXXXXXXX 
2020-01-17 19:42:25,908 INFO  [Log] X 
2020-01-17 19:42:25,908 INFO  [Log] X 
2020-01-17 19:46:51,164 INFO  [Log] Explicity wait applied on the driver for 60 seconds 
2020-01-17 19:46:51,264 INFO  [Log] Login_Signup_button is found on the Home page 
2020-01-17 19:46:51,854 INFO  [Log] Explicity wait applied on the driver for 60 seconds 
2020-01-17 19:46:51,919 INFO  [Log] SpiceCash_SpiceClub_Member_button is found on the Home page 
2020-01-17 19:46:52,190 INFO  [Log] Explicity wait applied on the driver for 60 seconds 
2020-01-17 19:46:56,739 INFO  [Log] Member_Login is found on the Home page 
2020-01-17 19:46:56,787 INFO  [Log] Explicity wait applied on the driver for 60 seconds 
2020-01-17 19:46:57,063 INFO  [Log] mobile_number is found on the Home page 
2020-01-17 19:46:57,103 INFO  [Log] Explicity wait applied on the driver for 60 seconds 
2020-01-17 19:46:57,207 INFO  [Log] password_txtbox is found on the Home page 
2020-01-17 19:46:57,251 INFO  [Log] Explicity wait applied on the driver for 60 seconds 
2020-01-17 19:46:58,895 INFO  [Log] password_txtbox is found on the Home page 
2020-01-17 19:47:00,951 INFO  [Log] XXXXXXXXXXXXXXXXXXXXXXX             -E---N---D-             XXXXXXXXXXXXXXXXXXXXXX 
2020-01-17 19:47:00,951 INFO  [Log] X 
2020-01-17 19:47:00,951 INFO  [Log] X 
2020-01-17 19:52:22,298 INFO  [Log] Explicity wait applied on the driver for 60 seconds 
2020-01-17 19:52:22,402 INFO  [Log] Login_Signup_button is found on the Home page 
2020-01-17 19:52:22,987 INFO  [Log] Explicity wait applied on the driver for 60 seconds 
2020-01-17 19:52:23,053 INFO  [Log] SpiceCash_SpiceClub_Member_button is found on the Home page 
2020-01-17 19:52:23,367 INFO  [Log] Explicity wait applied on the driver for 60 seconds 
2020-01-17 19:52:27,243 INFO  [Log] Member_Login is found on the Home page 
2020-01-17 19:52:27,272 INFO  [Log] Explicity wait applied on the driver for 60 seconds 
2020-01-17 19:52:27,419 INFO  [Log] mobile_number is found on the Home page 
2020-01-17 19:52:27,463 INFO  [Log] Explicity wait applied on the driver for 60 seconds 
2020-01-17 19:52:27,591 INFO  [Log] password_txtbox is found on the Home page 
2020-01-17 19:52:27,659 INFO  [Log] Explicity wait applied on the driver for 60 seconds 
2020-01-17 19:52:29,448 INFO  [Log] password_txtbox is found on the Home page 
2020-01-17 19:52:31,935 INFO  [Log] XXXXXXXXXXXXXXXXXXXXXXX             -E---N---D-             XXXXXXXXXXXXXXXXXXXXXX 
2020-01-17 19:52:31,935 INFO  [Log] X 
2020-01-17 19:52:31,935 INFO  [Log] X 
2020-01-17 19:55:06,331 INFO  [Log] **************************************************************************************** 
2020-01-17 19:55:06,332 INFO  [Log] $$$$$$$$$$$$$$$$$$$$$                 LoginTest       $$$$$$$$$$$$$$$$$$$$$$$$$ 
2020-01-17 19:55:06,332 INFO  [Log] **************************************************************************************** 
2020-01-17 19:55:06,418 INFO  [Log] Explicity wait applied on the driver for 60 seconds 
2020-01-17 19:55:06,505 INFO  [Log] Login_Signup_button is found on the Home page 
2020-01-17 19:55:07,089 INFO  [Log] Explicity wait applied on the driver for 60 seconds 
2020-01-17 19:55:07,145 INFO  [Log] SpiceCash_SpiceClub_Member_button is found on the Home page 
2020-01-17 19:55:07,405 INFO  [Log] Explicity wait applied on the driver for 60 seconds 
2020-01-17 19:55:11,813 INFO  [Log] Member_Login is found on the Home page 
2020-01-17 19:55:11,850 INFO  [Log] Explicity wait applied on the driver for 60 seconds 
2020-01-17 19:55:12,000 INFO  [Log] mobile_number is found on the Home page 
2020-01-17 19:55:12,042 INFO  [Log] Explicity wait applied on the driver for 60 seconds 
2020-01-17 19:55:12,242 INFO  [Log] password_txtbox is found on the Home page 
2020-01-17 19:55:12,282 INFO  [Log] Explicity wait applied on the driver for 60 seconds 
2020-01-17 19:55:14,128 INFO  [Log] password_txtbox is found on the Home page 
2020-01-17 19:55:16,488 INFO  [Log] XXXXXXXXXXXXXXXXXXXXXXX             -E---N---D-             XXXXXXXXXXXXXXXXXXXXXX 
2020-01-17 19:55:16,488 INFO  [Log] X 
2020-01-17 19:55:16,488 INFO  [Log] X 
2020-01-17 19:57:12,556 INFO  [Log] **************************************************************************************** 
2020-01-17 19:57:12,558 INFO  [Log] $$$$$$$$$$$$$$$$$$$$$                 LoginTest       $$$$$$$$$$$$$$$$$$$$$$$$$ 
2020-01-17 19:57:12,558 INFO  [Log] **************************************************************************************** 
2020-01-17 19:57:12,642 INFO  [Log] Explicity wait applied on the driver for 60 seconds 
2020-01-17 19:57:12,745 INFO  [Log] Login_Signup_button is found on the Home page 
2020-01-17 19:57:13,385 INFO  [Log] Explicity wait applied on the driver for 60 seconds 
2020-01-17 19:57:13,459 INFO  [Log] SpiceCash_SpiceClub_Member_button is found on the Home page 
2020-01-17 19:57:13,771 INFO  [Log] Explicity wait applied on the driver for 60 seconds 
2020-01-17 19:57:16,956 INFO  [Log] Member_Login is found on the Home page 
2020-01-17 19:57:17,008 INFO  [Log] Explicity wait applied on the driver for 60 seconds 
2020-01-17 19:57:17,220 INFO  [Log] mobile_number is found on the Home page 
2020-01-17 19:57:17,309 INFO  [Log] Explicity wait applied on the driver for 60 seconds 
2020-01-17 19:57:17,489 INFO  [Log] password_txtbox is found on the Home page 
2020-01-17 19:57:17,542 INFO  [Log] Explicity wait applied on the driver for 60 seconds 
2020-01-17 19:57:23,029 INFO  [Log] password_txtbox is found on the Home page 
2020-01-17 19:57:25,279 INFO  [Log] XXXXXXXXXXXXXXXXXXXXXXX             -E---N---D-             XXXXXXXXXXXXXXXXXXXXXX 
2020-01-17 19:57:25,279 INFO  [Log] X 
2020-01-17 19:57:25,279 INFO  [Log] X 
2020-01-17 19:59:55,272 INFO  [Log] **************************************************************************************** 
2020-01-17 19:59:55,273 INFO  [Log] $$$$$$$$$$$$$$$$$$$$$                 LoginTest       $$$$$$$$$$$$$$$$$$$$$$$$$ 
2020-01-17 19:59:55,273 INFO  [Log] **************************************************************************************** 
2020-01-17 19:59:55,374 INFO  [Log] Explicity wait applied on the driver for 60 seconds 
2020-01-17 19:59:55,481 INFO  [Log] Login_Signup_button is found on the Home page 
2020-01-17 19:59:56,097 INFO  [Log] Explicity wait applied on the driver for 60 seconds 
2020-01-17 19:59:56,184 INFO  [Log] SpiceCash_SpiceClub_Member_button is found on the Home page 
2020-01-17 19:59:56,543 INFO  [Log] Explicity wait applied on the driver for 60 seconds 
2020-01-17 19:59:59,952 INFO  [Log] Member_Login is found on the Home page 
2020-01-17 20:01:21,510 INFO  [Log] XXXXXXXXXXXXXXXXXXXXXXX             -E---N---D-             XXXXXXXXXXXXXXXXXXXXXX 
2020-01-17 20:01:21,510 INFO  [Log] X 
2020-01-17 20:01:21,510 INFO  [Log] X 
2020-01-17 20:04:44,689 INFO  [Log] **************************************************************************************** 
2020-01-17 20:04:44,689 INFO  [Log] $$$$$$$$$$$$$$$$$$$$$                 LoginTest       $$$$$$$$$$$$$$$$$$$$$$$$$ 
2020-01-17 20:04:44,689 INFO  [Log] **************************************************************************************** 
2020-01-17 20:04:44,785 INFO  [Log] Explicity wait applied on the driver for 60 seconds 
2020-01-17 20:04:44,880 INFO  [Log] Login_Signup_button is found on the Home page 
2020-01-17 20:04:45,498 INFO  [Log] Explicity wait applied on the driver for 60 seconds 
2020-01-17 20:04:45,562 INFO  [Log] SpiceCash_SpiceClub_Member_button is found on the Home page 
2020-01-17 20:04:45,914 INFO  [Log] Explicity wait applied on the driver for 60 seconds 
2020-01-17 20:04:50,521 INFO  [Log] Member_Login is found on the Home page 
2020-01-17 20:06:29,689 INFO  [Log] XXXXXXXXXXXXXXXXXXXXXXX             -E---N---D-             XXXXXXXXXXXXXXXXXXXXXX 
2020-01-17 20:06:29,689 INFO  [Log] X 
2020-01-17 20:06:29,689 INFO  [Log] X 
2020-01-17 22:21:50,511 INFO  [Log] **************************************************************************************** 
2020-01-17 22:21:50,516 INFO  [Log] $$$$$$$$$$$$$$$$$$$$$                 LoginTest       $$$$$$$$$$$$$$$$$$$$$$$$$ 
2020-01-17 22:21:50,516 INFO  [Log] **************************************************************************************** 
2020-01-17 22:21:50,591 INFO  [Log] Explicity wait applied on the driver for 60 seconds 
2020-01-17 22:21:51,072 INFO  [Log] Login_Signup_button is found on the Home page 
2020-01-17 22:21:51,172 INFO  [Log] Explicity wait applied on the driver for 60 seconds 
2020-01-17 22:21:51,232 INFO  [Log] SpiceCash_SpiceClub_Member_button is found on the Home page 
2020-01-17 22:21:51,524 INFO  [Log] Explicity wait applied on the driver for 60 seconds 
2020-01-17 22:21:56,655 INFO  [Log] Member_Login is found on the Home page 
2020-01-17 22:23:41,192 INFO  [Log] XXXXXXXXXXXXXXXXXXXXXXX             -E---N---D-             XXXXXXXXXXXXXXXXXXXXXX 
2020-01-17 22:23:41,192 INFO  [Log] X 
2020-01-17 22:23:41,192 INFO  [Log] X 
2020-01-17 22:43:57,916 INFO  [Log] **************************************************************************************** 
2020-01-17 22:43:57,939 INFO  [Log] $$$$$$$$$$$$$$$$$$$$$                 LoginTest       $$$$$$$$$$$$$$$$$$$$$$$$$ 
2020-01-17 22:43:57,939 INFO  [Log] **************************************************************************************** 
2020-01-17 22:43:58,277 INFO  [Log] Explicity wait applied on the driver for 60 seconds 
2020-01-17 22:43:58,544 INFO  [Log] Login_Signup_button is found on the Home page 
2020-01-17 22:43:59,134 INFO  [Log] Explicity wait applied on the driver for 60 seconds 
2020-01-17 22:43:59,259 INFO  [Log] SpiceCash_SpiceClub_Member_button is found on the Home page 
2020-01-17 22:43:59,530 INFO  [Log] Explicity wait applied on the driver for 60 seconds 
2020-01-17 22:44:03,182 INFO  [Log] Member_Login is found on the Home page 
2020-01-17 22:45:42,833 INFO  [Log] XXXXXXXXXXXXXXXXXXXXXXX             -E---N---D-             XXXXXXXXXXXXXXXXXXXXXX 
2020-01-17 22:45:42,834 INFO  [Log] X 
2020-01-17 22:45:42,834 INFO  [Log] X 
2020-01-17 23:38:06,823 INFO  [Log] **************************************************************************************** 
2020-01-17 23:38:06,824 INFO  [Log] $$$$$$$$$$$$$$$$$$$$$                 LoginTest       $$$$$$$$$$$$$$$$$$$$$$$$$ 
2020-01-17 23:38:06,824 INFO  [Log] **************************************************************************************** 
2020-01-17 23:38:08,604 INFO  [Log] Explicity wait applied on the driver for 60 seconds 
2020-01-17 23:38:08,867 INFO  [Log] Login_Signup_button is found on the Home page 
2020-01-17 23:38:09,442 INFO  [Log] Explicity wait applied on the driver for 60 seconds 
2020-01-17 23:38:09,498 INFO  [Log] SpiceCash_SpiceClub_Member_button is found on the Home page 
2020-01-17 23:38:09,847 INFO  [Log] Explicity wait applied on the driver for 60 seconds 
2020-01-17 23:38:12,701 INFO  [Log] Member_Login is found on the Home page 
2020-01-17 23:39:35,551 INFO  [Log] XXXXXXXXXXXXXXXXXXXXXXX             -E---N---D-             XXXXXXXXXXXXXXXXXXXXXX 
2020-01-17 23:39:35,551 INFO  [Log] X 
2020-01-17 23:39:35,551 INFO  [Log] X 
2020-01-17 23:46:12,627 INFO  [Log] **************************************************************************************** 
2020-01-17 23:46:12,627 INFO  [Log] $$$$$$$$$$$$$$$$$$$$$                 LoginTest       $$$$$$$$$$$$$$$$$$$$$$$$$ 
2020-01-17 23:46:12,627 INFO  [Log] **************************************************************************************** 
2020-01-17 23:46:13,855 INFO  [Log] Explicity wait applied on the driver for 60 seconds 
2020-01-17 23:46:14,009 INFO  [Log] Login_Signup_button is found on the Home page 
2020-01-17 23:46:14,616 INFO  [Log] Explicity wait applied on the driver for 60 seconds 
2020-01-17 23:46:14,689 INFO  [Log] SpiceCash_SpiceClub_Member_button is found on the Home page 
2020-01-17 23:46:14,912 INFO  [Log] Explicity wait applied on the driver for 60 seconds 
2020-01-17 23:46:24,703 INFO  [Log] Member_Login is found on the Home page 
2020-01-17 23:46:24,894 INFO  [Log] Explicity wait applied on the driver for 60 seconds 
2020-01-17 23:46:25,276 INFO  [Log] mobile_number is found on the Home page 
2020-01-17 23:46:25,340 INFO  [Log] Explicity wait applied on the driver for 60 seconds 
2020-01-17 23:46:25,536 INFO  [Log] password_txtbox is found on the Home page 
2020-01-17 23:46:25,593 INFO  [Log] Explicity wait applied on the driver for 60 seconds 
2020-01-17 23:46:30,942 INFO  [Log] password_txtbox is found on the Home page 
2020-01-17 23:46:37,408 INFO  [Log] XXXXXXXXXXXXXXXXXXXXXXX             -E---N---D-             XXXXXXXXXXXXXXXXXXXXXX 
2020-01-17 23:46:37,408 INFO  [Log] X 
2020-01-17 23:46:37,408 INFO  [Log] X 
2020-01-17 23:50:11,285 INFO  [Log] **************************************************************************************** 
2020-01-17 23:50:11,286 INFO  [Log] $$$$$$$$$$$$$$$$$$$$$                 LoginTest       $$$$$$$$$$$$$$$$$$$$$$$$$ 
2020-01-17 23:50:11,286 INFO  [Log] **************************************************************************************** 
2020-01-17 23:50:12,682 INFO  [Log] Explicity wait applied on the driver for 60 seconds 
2020-01-17 23:50:12,793 INFO  [Log] Login_Signup_button is found on the Home page 
2020-01-17 23:50:13,370 INFO  [Log] Explicity wait applied on the driver for 60 seconds 
2020-01-17 23:50:13,411 INFO  [Log] SpiceCash_SpiceClub_Member_button is found on the Home page 
2020-01-17 23:50:13,703 INFO  [Log] Explicity wait applied on the driver for 60 seconds 
2020-01-17 23:50:21,797 INFO  [Log] Member_Login is found on the Home page 
2020-01-17 23:50:21,836 INFO  [Log] Explicity wait applied on the driver for 60 seconds 
2020-01-17 23:50:21,939 INFO  [Log] mobile_number is found on the Home page 
2020-01-17 23:50:21,974 INFO  [Log] Explicity wait applied on the driver for 60 seconds 
2020-01-17 23:50:22,078 INFO  [Log] password_txtbox is found on the Home page 
2020-01-17 23:50:22,112 INFO  [Log] Explicity wait applied on the driver for 60 seconds 
2020-01-17 23:50:28,442 INFO  [Log] password_txtbox is found on the Home page 
2020-01-17 23:50:33,186 INFO  [Log] XXXXXXXXXXXXXXXXXXXXXXX             -E---N---D-             XXXXXXXXXXXXXXXXXXXXXX 
2020-01-17 23:50:33,186 INFO  [Log] X 
2020-01-17 23:50:33,186 INFO  [Log] X 
2020-01-18 00:06:57,080 INFO  [Log] **************************************************************************************** 
2020-01-18 00:06:57,081 INFO  [Log] $$$$$$$$$$$$$$$$$$$$$                 BookTicketTest       $$$$$$$$$$$$$$$$$$$$$$$$$ 
2020-01-18 00:06:57,081 INFO  [Log] **************************************************************************************** 
2020-01-18 00:08:22,443 INFO  [Log] XXXXXXXXXXXXXXXXXXXXXXX             -E---N---D-             XXXXXXXXXXXXXXXXXXXXXX 
2020-01-18 00:08:22,443 INFO  [Log] X 
2020-01-18 00:08:22,443 INFO  [Log] X 
2020-01-18 00:10:41,378 INFO  [Log] **************************************************************************************** 
2020-01-18 00:10:41,379 INFO  [Log] $$$$$$$$$$$$$$$$$$$$$                 LoginTest       $$$$$$$$$$$$$$$$$$$$$$$$$ 
2020-01-18 00:10:41,379 INFO  [Log] **************************************************************************************** 
2020-01-18 00:10:41,806 INFO  [Log] Explicity wait applied on the driver for 60 seconds 
2020-01-18 00:10:41,902 INFO  [Log] Login_Signup_button is found on the Home page 
2020-01-18 00:10:42,487 INFO  [Log] Explicity wait applied on the driver for 60 seconds 
2020-01-18 00:10:42,542 INFO  [Log] SpiceCash_SpiceClub_Member_button is found on the Home page 
2020-01-18 00:10:42,924 INFO  [Log] Explicity wait applied on the driver for 60 seconds 
2020-01-18 00:10:45,994 INFO  [Log] Member_Login is found on the Home page 
2020-01-18 00:12:07,933 INFO  [Log] XXXXXXXXXXXXXXXXXXXXXXX             -E---N---D-             XXXXXXXXXXXXXXXXXXXXXX 
2020-01-18 00:12:07,933 INFO  [Log] X 
2020-01-18 00:12:07,933 INFO  [Log] X 
2020-01-18 09:48:07,086 INFO  [Log] **************************************************************************************** 
2020-01-18 09:48:07,086 INFO  [Log] $$$$$$$$$$$$$$$$$$$$$                 BookTicketTest       $$$$$$$$$$$$$$$$$$$$$$$$$ 
2020-01-18 09:48:07,086 INFO  [Log] **************************************************************************************** 
2020-01-18 09:49:32,244 INFO  [Log] XXXXXXXXXXXXXXXXXXXXXXX             -E---N---D-             XXXXXXXXXXXXXXXXXXXXXX 
2020-01-18 09:49:32,244 INFO  [Log] X 
2020-01-18 09:49:32,244 INFO  [Log] X 
2020-01-18 09:53:58,766 INFO  [Log] **************************************************************************************** 
2020-01-18 09:53:58,766 INFO  [Log] $$$$$$$$$$$$$$$$$$$$$                 BookTicketTest       $$$$$$$$$$$$$$$$$$$$$$$$$ 
2020-01-18 09:53:58,767 INFO  [Log] **************************************************************************************** 
2020-01-18 09:55:23,304 INFO  [Log] XXXXXXXXXXXXXXXXXXXXXXX             -E---N---D-             XXXXXXXXXXXXXXXXXXXXXX 
2020-01-18 09:55:23,305 INFO  [Log] X 
2020-01-18 09:55:23,305 INFO  [Log] X 
2020-01-18 09:57:42,145 INFO  [Log] **************************************************************************************** 
2020-01-18 09:57:42,145 INFO  [Log] $$$$$$$$$$$$$$$$$$$$$                 BookTicketTest       $$$$$$$$$$$$$$$$$$$$$$$$$ 
2020-01-18 09:57:42,145 INFO  [Log] **************************************************************************************** 
2020-01-18 09:59:04,971 INFO  [Log] XXXXXXXXXXXXXXXXXXXXXXX             -E---N---D-             XXXXXXXXXXXXXXXXXXXXXX 
2020-01-18 09:59:04,971 INFO  [Log] X 
2020-01-18 09:59:04,971 INFO  [Log] X 
2020-01-18 10:00:55,037 INFO  [Log] **************************************************************************************** 
2020-01-18 10:00:55,038 INFO  [Log] $$$$$$$$$$$$$$$$$$$$$                 BookTicketTest       $$$$$$$$$$$$$$$$$$$$$$$$$ 
2020-01-18 10:00:55,038 INFO  [Log] **************************************************************************************** 
2020-01-18 10:02:18,332 INFO  [Log] XXXXXXXXXXXXXXXXXXXXXXX             -E---N---D-             XXXXXXXXXXXXXXXXXXXXXX 
2020-01-18 10:02:18,332 INFO  [Log] X 
2020-01-18 10:02:18,332 INFO  [Log] X 
2020-01-18 10:03:17,049 INFO  [Log] **************************************************************************************** 
2020-01-18 10:03:17,049 INFO  [Log] $$$$$$$$$$$$$$$$$$$$$                 BookTicketTest       $$$$$$$$$$$$$$$$$$$$$$$$$ 
2020-01-18 10:03:17,050 INFO  [Log] **************************************************************************************** 
2020-01-18 10:12:02,492 INFO  [Log] **************************************************************************************** 
2020-01-18 10:12:02,493 INFO  [Log] $$$$$$$$$$$$$$$$$$$$$                 BookTicketTest       $$$$$$$$$$$$$$$$$$$$$$$$$ 
2020-01-18 10:12:02,493 INFO  [Log] **************************************************************************************** 
2020-01-18 10:13:25,136 INFO  [Log] XXXXXXXXXXXXXXXXXXXXXXX             -E---N---D-             XXXXXXXXXXXXXXXXXXXXXX 
2020-01-18 10:13:25,136 INFO  [Log] X 
2020-01-18 10:13:25,136 INFO  [Log] X 
2020-01-18 10:41:48,326 INFO  [Log] **************************************************************************************** 
2020-01-18 10:41:48,327 INFO  [Log] $$$$$$$$$$$$$$$$$$$$$                 LoginTest       $$$$$$$$$$$$$$$$$$$$$$$$$ 
2020-01-18 10:41:48,327 INFO  [Log] **************************************************************************************** 
2020-01-18 10:41:48,629 INFO  [Log] Explicity wait applied on the driver for 60 seconds 
2020-01-18 10:41:48,847 INFO  [Log] Login_Signup_button is found on the Home page 
2020-01-18 10:41:49,414 INFO  [Log] Explicity wait applied on the driver for 60 seconds 
2020-01-18 10:41:49,464 INFO  [Log] SpiceCash_SpiceClub_Member_button is found on the Home page 
2020-01-18 10:41:49,770 INFO  [Log] Explicity wait applied on the driver for 60 seconds 
2020-01-18 10:41:53,032 INFO  [Log] Member_Login is found on the Home page 
2020-01-18 10:43:15,188 INFO  [Log] XXXXXXXXXXXXXXXXXXXXXXX             -E---N---D-             XXXXXXXXXXXXXXXXXXXXXX 
2020-01-18 10:43:15,188 INFO  [Log] X 
2020-01-18 10:43:15,188 INFO  [Log] X 
2020-01-18 10:50:20,450 ERROR [Log] Login_Signup_button is not found on the Home page java.lang.NullPointerException 
2020-01-18 10:50:20,997 INFO  [Log] XXXXXXXXXXXXXXXXXXXXXXX             -E---N---D-             XXXXXXXXXXXXXXXXXXXXXX 
2020-01-18 10:50:20,997 INFO  [Log] X 
2020-01-18 10:50:20,997 INFO  [Log] X 
2020-01-18 10:52:48,070 INFO  [Log] Explicity wait applied on the driver for 60 seconds 
2020-01-18 10:52:48,153 INFO  [Log] Login_Signup_button is found on the Home page 
2020-01-18 10:52:48,745 INFO  [Log] Explicity wait applied on the driver for 60 seconds 
2020-01-18 10:52:48,818 INFO  [Log] SpiceCash_SpiceClub_Member_button is found on the Home page 
2020-01-18 10:52:49,139 INFO  [Log] Explicity wait applied on the driver for 60 seconds 
2020-01-18 10:52:59,011 INFO  [Log] Member_Login is found on the Home page 
2020-01-18 11:47:26,527 ERROR [Log] Login_Signup_button is not found on the Home page java.lang.NullPointerException 
2020-01-18 11:52:54,868 INFO  [Log] Explicity wait applied on the driver for 60 seconds 
2020-01-18 11:52:55,012 INFO  [Log] Login_Signup_button is found on the Home page 
2020-01-18 11:52:55,671 INFO  [Log] Explicity wait applied on the driver for 60 seconds 
2020-01-18 11:52:55,736 INFO  [Log] SpiceCash_SpiceClub_Member_button is found on the Home page 
2020-01-18 11:52:56,059 INFO  [Log] Explicity wait applied on the driver for 60 seconds 
2020-01-18 11:52:59,777 INFO  [Log] Member_Login is found on the Home page 
2020-01-18 11:54:37,488 INFO  [Log] XXXXXXXXXXXXXXXXXXXXXXX             -E---N---D-             XXXXXXXXXXXXXXXXXXXXXX 
2020-01-18 11:54:37,489 INFO  [Log] X 
2020-01-18 11:54:37,489 INFO  [Log] X 
2020-01-18 12:00:00,786 INFO  [Log] Explicity wait applied on the driver for 60 seconds 
2020-01-18 12:00:00,937 INFO  [Log] Login_Signup_button is found on the Home page 
2020-01-18 12:00:02,449 INFO  [Log] Explicity wait applied on the driver for 60 seconds 
2020-01-18 12:00:03,141 INFO  [Log] SpiceCash_SpiceClub_Member_button is found on the Home page 
2020-01-18 12:00:03,814 INFO  [Log] Explicity wait applied on the driver for 60 seconds 
2020-01-18 12:00:44,464 INFO  [Log] Explicity wait applied on the driver for 60 seconds 
2020-01-18 12:00:44,527 INFO  [Log] Login_Signup_button is found on the Home page 
2020-01-18 12:00:45,114 INFO  [Log] Explicity wait applied on the driver for 60 seconds 
2020-01-18 12:00:45,161 INFO  [Log] SpiceCash_SpiceClub_Member_button is found on the Home page 
2020-01-18 12:00:45,427 INFO  [Log] Explicity wait applied on the driver for 60 seconds 
2020-01-18 12:00:52,369 INFO  [Log] Member_Login is found on the Home page 
2020-01-18 12:05:53,430 INFO  [Log] Explicity wait applied on the driver for 60 seconds 
2020-01-18 12:05:53,483 INFO  [Log] Login_Signup_button is found on the Home page 
2020-01-18 12:05:54,050 INFO  [Log] Explicity wait applied on the driver for 60 seconds 
2020-01-18 12:05:54,099 INFO  [Log] SpiceCash_SpiceClub_Member_button is found on the Home page 
2020-01-18 12:05:54,376 INFO  [Log] Explicity wait applied on the driver for 60 seconds 
2020-01-18 12:06:04,744 INFO  [Log] Member_Login is found on the Home page 
2020-01-18 12:10:34,730 INFO  [Log] Explicity wait applied on the driver for 60 seconds 
2020-01-18 12:10:34,815 INFO  [Log] Login_Signup_button is found on the Home page 
2020-01-18 12:10:35,420 INFO  [Log] Explicity wait applied on the driver for 60 seconds 
2020-01-18 12:10:35,487 INFO  [Log] SpiceCash_SpiceClub_Member_button is found on the Home page 
2020-01-18 12:10:35,820 INFO  [Log] Explicity wait applied on the driver for 60 seconds 
2020-01-18 12:10:44,139 INFO  [Log] Member_Login is found on the Home page 
2020-01-18 12:13:29,302 INFO  [Log] Explicity wait applied on the driver for 60 seconds 
2020-01-18 12:13:29,414 INFO  [Log] Login_Signup_button is found on the Home page 
2020-01-18 12:13:29,782 INFO  [Log] Explicity wait applied on the driver for 60 seconds 
2020-01-18 12:13:30,226 INFO  [Log] SpiceCash_SpiceClub_Member_button is found on the Home page 
2020-01-18 12:13:30,656 INFO  [Log] Explicity wait applied on the driver for 60 seconds 
2020-01-18 12:13:35,083 INFO  [Log] Member_Login is found on the Home page 
2020-01-18 12:16:21,495 INFO  [Log] Explicity wait applied on the driver for 60 seconds 
2020-01-18 12:16:21,571 INFO  [Log] Login_Signup_button is found on the Home page 
2020-01-18 12:16:22,153 INFO  [Log] Explicity wait applied on the driver for 60 seconds 
2020-01-18 12:16:22,205 INFO  [Log] SpiceCash_SpiceClub_Member_button is found on the Home page 
2020-01-18 12:16:22,483 INFO  [Log] Explicity wait applied on the driver for 60 seconds 
2020-01-18 12:16:26,319 INFO  [Log] Member_Login is found on the Home page 
2020-01-18 12:18:59,727 INFO  [Log] Explicity wait applied on the driver for 60 seconds 
2020-01-18 12:18:59,798 INFO  [Log] Login_Signup_button is found on the Home page 
2020-01-18 12:19:00,386 INFO  [Log] Explicity wait applied on the driver for 60 seconds 
2020-01-18 12:19:00,449 INFO  [Log] SpiceCash_SpiceClub_Member_button is found on the Home page 
2020-01-18 12:19:00,803 INFO  [Log] Explicity wait applied on the driver for 60 seconds 
2020-01-18 12:19:03,984 INFO  [Log] Member_Login is found on the Home page 
2020-01-18 12:21:59,789 INFO  [Log] Explicity wait applied on the driver for 60 seconds 
2020-01-18 12:21:59,873 INFO  [Log] Login_Signup_button is found on the Home page 
2020-01-18 12:22:00,466 INFO  [Log] Explicity wait applied on the driver for 60 seconds 
2020-01-18 12:22:00,525 INFO  [Log] SpiceCash_SpiceClub_Member_button is found on the Home page 
2020-01-18 12:22:00,853 INFO  [Log] Explicity wait applied on the driver for 60 seconds 
2020-01-18 12:22:04,503 INFO  [Log] Member_Login is found on the Home page 
2020-01-18 12:27:04,889 INFO  [Log] Explicity wait applied on the driver for 60 seconds 
2020-01-18 12:27:04,957 INFO  [Log] Login_Signup_button is found on the Home page 
2020-01-18 12:27:05,537 INFO  [Log] Explicity wait applied on the driver for 60 seconds 
2020-01-18 12:27:05,612 INFO  [Log] SpiceCash_SpiceClub_Member_button is found on the Home page 
2020-01-18 12:27:05,952 INFO  [Log] Explicity wait applied on the driver for 60 seconds 
2020-01-18 12:27:23,308 INFO  [Log] Member_Login is found on the Home page 
2020-01-18 12:31:23,469 ERROR [Log] Login_Signup_button is not found on the Home page org.openqa.selenium.TimeoutException: Expected condition failed: waiting for visibility of Proxy element for: DefaultElementLocator 'By.xpath: //a[@id='ctl00_HyperLinkLogin']' (tried for 60 second(s) with 500 MILLISECONDS interval) 
2020-01-18 12:34:51,153 INFO  [Log] Explicity wait applied on the driver for 60 seconds 
2020-01-18 12:34:51,222 INFO  [Log] Login_Signup_button is found on the Home page 
2020-01-18 12:34:51,825 INFO  [Log] Explicity wait applied on the driver for 60 seconds 
2020-01-18 12:34:51,889 INFO  [Log] SpiceCash_SpiceClub_Member_button is found on the Home page 
2020-01-18 12:34:52,256 INFO  [Log] Explicity wait applied on the driver for 60 seconds 
2020-01-18 12:34:57,865 INFO  [Log] Member_Login is found on the Home page 
2020-01-18 12:38:23,055 INFO  [Log] Explicity wait applied on the driver for 60 seconds 
2020-01-18 12:38:23,126 INFO  [Log] Login_Signup_button is found on the Home page 
2020-01-18 12:38:23,722 INFO  [Log] Explicity wait applied on the driver for 60 seconds 
2020-01-18 12:38:23,777 INFO  [Log] SpiceCash_SpiceClub_Member_button is found on the Home page 
2020-01-18 12:38:24,061 INFO  [Log] Explicity wait applied on the driver for 60 seconds 
2020-01-18 12:38:52,424 INFO  [Log] Member_Login is found on the Home page 
2020-01-18 15:13:25,992 INFO  [Log] **************************************************************************************** 
2020-01-18 15:13:25,993 INFO  [Log] $$$$$$$$$$$$$$$$$$$$$                 BookTicketTest       $$$$$$$$$$$$$$$$$$$$$$$$$ 
2020-01-18 15:13:25,993 INFO  [Log] **************************************************************************************** 
2020-01-18 15:14:52,600 INFO  [Log] XXXXXXXXXXXXXXXXXXXXXXX             -E---N---D-             XXXXXXXXXXXXXXXXXXXXXX 
2020-01-18 15:14:52,600 INFO  [Log] X 
2020-01-18 15:14:52,600 INFO  [Log] X 
2020-01-20 10:40:03,922 INFO  [Log] XXXXXXXXXXXXXXXXXXXXXXX             -E---N---D-             XXXXXXXXXXXXXXXXXXXXXX 
2020-01-20 10:40:03,932 INFO  [Log] X 
2020-01-20 10:40:03,933 INFO  [Log] X 
